<?xml version="1.0" encoding="UTF-8"?>
<testng-results ignored="0" total="1" passed="1" failed="0" skipped="0">
  <reporter-output>
  </reporter-output>
  <suite started-at="2023-05-09T19:08:08 IST" name="Default suite" finished-at="2023-05-09T19:08:14 IST" duration-ms="6354">
    <groups>
    </groups>
    <test started-at="2023-05-09T19:08:08 IST" name="Default test" finished-at="2023-05-09T19:08:14 IST" duration-ms="6354">
      <class name="com.pages.DemoExcelRead">
        <test-method signature="loginFb()[pri:0, instance:com.pages.DemoExcelRead@2df9b86]" started-at="2023-05-09T19:08:08 IST" name="loginFb" finished-at="2023-05-09T19:08:14 IST" duration-ms="6271" status="PASS">
          <reporter-output>
          </reporter-output>
        </test-method> <!-- loginFb -->
      </class> <!-- com.pages.DemoExcelRead -->
    </test> <!-- Default test -->
  </suite> <!-- Default suite -->
</testng-results>
